2024-08-25 13:57:44.3663|INFO|api.Program|Uygulama başlatılıyor...
2024-08-25 13:57:46.9019|INFO|api.Controllers.ContactController|Get metodu çağrıldı.
2024-08-25 13:57:47.0023|INFO|api.Controllers.ContactController|Get metodu çağrıldı.
2024-08-25 13:57:47.5594|INFO|api.Controllers.ContactController|Get metodu çağrıldı.
2024-08-25 13:57:48.0217|INFO|api.Controllers.ContactController|Get metodu çağrıldı.
2024-08-25 13:57:48.5053|INFO|api.Controllers.ContactController|Get metodu çağrıldı.
2024-08-25 13:57:48.9816|INFO|api.Controllers.ContactController|Get metodu çağrıldı.
2024-08-25 13:57:49.6301|INFO|api.Controllers.ContactController|Get metodu çağrıldı.
2024-08-25 13:57:51.4076|INFO|api.Controllers.ContactController|Get metodu çağrıldı.
2024-08-25 13:57:52.5939|INFO|api.Controllers.ContactController|Get metodu çağrıldı.
2024-08-25 13:57:53.9871|INFO|api.Controllers.ContactController|Get metodu çağrıldı.
2024-08-25 13:59:04.6644|INFO|api.Program|Uygulama başlatılıyor...
2024-08-25 13:59:07.3562|INFO|api.Controllers.ContactController|Get metodu çağrıldı.
2024-08-25 13:59:53.6149|INFO|api.Controllers.ContactController|Get metodu çağrıldı.
2024-08-25 13:59:54.1300|INFO|api.Controllers.ContactController|Get metodu çağrıldı.
2024-08-25 13:59:54.5859|INFO|api.Controllers.ContactController|Get metodu çağrıldı.
2024-08-25 13:59:55.0825|INFO|api.Controllers.ContactController|Get metodu çağrıldı.
2024-08-25 13:59:55.5618|INFO|api.Controllers.ContactController|Get metodu çağrıldı.
2024-08-25 13:59:56.1316|INFO|api.Controllers.ContactController|Get metodu çağrıldı.
2024-08-25 13:59:56.6839|INFO|api.Controllers.ContactController|Get metodu çağrıldı.
2024-08-25 13:59:57.5988|INFO|api.Controllers.ContactController|Get metodu çağrıldı.
2024-08-25 14:01:14.1865|INFO|api.Program|Uygulama başlatılıyor...
2024-08-25 14:01:16.4896|INFO|api.Controllers.ContactController|Get metodu çağrıldı.
2024-08-25 14:01:16.6015|INFO|api.Controllers.ContactController|Get metodu çağrıldı.
2024-08-25 14:01:17.1163|INFO|api.Controllers.ContactController|Get metodu çağrıldı.
2024-08-25 14:01:17.5837|INFO|api.Controllers.ContactController|Get metodu çağrıldı.
2024-08-25 14:01:18.2300|INFO|api.Controllers.ContactController|Get metodu çağrıldı.
2024-08-25 14:01:18.9829|INFO|api.Controllers.ContactController|Get metodu çağrıldı.
2024-08-25 14:01:19.4966|INFO|api.Controllers.ContactController|Get metodu çağrıldı.
2024-08-25 14:01:47.8718|INFO|api.Controllers.ContactController|Get metodu çağrıldı.
2024-08-25 14:01:48.3388|INFO|api.Controllers.ContactController|Get metodu çağrıldı.
2024-08-25 14:01:48.7968|INFO|api.Controllers.ContactController|Get metodu çağrıldı.
2024-08-25 14:01:49.2600|INFO|api.Controllers.ContactController|Get metodu çağrıldı.
2024-08-25 14:01:49.7002|INFO|api.Controllers.ContactController|Get metodu çağrıldı.
2024-08-25 14:19:44.3242|INFO|api.Controllers.ContactController|Get metodu çağrıldı.
2024-08-25 14:19:45.0565|INFO|api.Controllers.ContactController|Get metodu çağrıldı.
2024-08-25 14:19:45.8746|INFO|api.Controllers.ContactController|Get metodu çağrıldı.
2024-08-25 14:19:46.4346|INFO|api.Controllers.ContactController|Get metodu çağrıldı.
2024-08-25 14:19:47.0346|INFO|api.Controllers.ContactController|Get metodu çağrıldı.
2024-08-25 14:19:47.6757|INFO|api.Controllers.ContactController|Get metodu çağrıldı.
2024-08-25 14:19:49.0309|INFO|api.Controllers.ContactController|Get metodu çağrıldı.
2024-08-25 14:19:49.9651|INFO|api.Controllers.ContactController|Get metodu çağrıldı.
2024-08-25 14:20:08.5943|INFO|api.Controllers.ContactController|Get metodu çağrıldı.
2024-08-25 14:20:09.1607|INFO|api.Controllers.ContactController|Get metodu çağrıldı.
2024-08-25 14:20:09.7336|INFO|api.Controllers.ContactController|Get metodu çağrıldı.
2024-08-25 14:20:10.2397|INFO|api.Controllers.ContactController|Get metodu çağrıldı.
2024-08-25 14:20:10.7623|INFO|api.Controllers.ContactController|Get metodu çağrıldı.
2024-08-25 14:20:11.3571|INFO|api.Controllers.ContactController|Get metodu çağrıldı.
2024-08-25 14:20:11.9114|INFO|api.Controllers.ContactController|Get metodu çağrıldı.
2024-08-25 14:20:12.4575|INFO|api.Controllers.ContactController|Get metodu çağrıldı.
2024-08-25 14:20:14.3223|INFO|api.Controllers.ContactController|Get metodu çağrıldı.
2024-08-25 14:20:14.9316|INFO|api.Controllers.ContactController|Get metodu çağrıldı.
2024-08-25 14:31:48.7460|INFO|api.Controllers.ContactController|Get metodu çağrıldı.
2024-08-25 14:31:49.1805|INFO|api.Controllers.ContactController|Get metodu çağrıldı.
2024-08-25 14:31:49.6893|INFO|api.Controllers.ContactController|Get metodu çağrıldı.
2024-08-25 14:33:42.0991|INFO|api.Program|Uygulama başlatılıyor...
2024-08-25 14:34:06.7364|INFO|api.Controllers.ContactController|Get metodu çağrıldı.
2024-08-25 14:34:08.1446|INFO|api.Controllers.ContactController|Get metodu çağrıldı.
2024-08-25 14:34:08.7575|INFO|api.Controllers.ContactController|Get metodu çağrıldı.
2024-08-25 14:34:09.8911|INFO|api.Controllers.ContactController|Get metodu çağrıldı.
2024-08-25 14:34:10.6248|INFO|api.Controllers.ContactController|Get metodu çağrıldı.
2024-08-25 14:34:11.2263|INFO|api.Controllers.ContactController|Get metodu çağrıldı.
2024-08-25 14:34:11.8580|INFO|api.Controllers.ContactController|Get metodu çağrıldı.
2024-08-25 14:34:12.6918|INFO|api.Controllers.ContactController|Get metodu çağrıldı.
2024-08-25 14:34:13.8868|INFO|api.Controllers.ContactController|Get metodu çağrıldı.
2024-08-25 14:47:09.9325|INFO|api.Program|Uygulama başlatılıyor...
2024-08-25 14:47:30.6492|INFO|api.Controllers.ContactController|Get metodu çağrıldı.
2024-08-25 14:47:31.7615|INFO|api.Controllers.ContactController|Get metodu çağrıldı.
2024-08-25 14:47:32.3507|INFO|api.Controllers.ContactController|Get metodu çağrıldı.
2024-08-25 14:47:32.9522|INFO|api.Controllers.ContactController|Get metodu çağrıldı.
2024-08-25 14:47:33.5205|INFO|api.Controllers.ContactController|Get metodu çağrıldı.
2024-08-25 14:47:34.0400|INFO|api.Controllers.ContactController|Get metodu çağrıldı.
2024-08-25 14:47:34.5840|INFO|api.Controllers.ContactController|Get metodu çağrıldı.
2024-08-25 14:47:35.1233|INFO|api.Controllers.ContactController|Get metodu çağrıldı.
2024-08-25 14:47:36.7765|INFO|api.Controllers.ContactController|Get metodu çağrıldı.
2024-08-25 14:47:37.4449|INFO|api.Controllers.ContactController|Get metodu çağrıldı.
2024-08-25 14:47:38.7683|INFO|api.Controllers.ContactController|Get metodu çağrıldı.
2024-08-25 14:47:39.4748|INFO|api.Controllers.ContactController|Get metodu çağrıldı.
2024-08-25 14:47:40.2164|INFO|api.Controllers.ContactController|Get metodu çağrıldı.
2024-08-25 14:52:40.9567|INFO|api.Program|Uygulama başlatılıyor...
2024-08-25 14:53:07.7465|INFO|api.Controllers.ContactController|Get metodu çağrıldı.
2024-08-25 14:53:08.8653|INFO|api.Controllers.ContactController|Get metodu çağrıldı.
2024-08-25 14:53:09.5549|INFO|api.Controllers.ContactController|Get metodu çağrıldı.
2024-08-25 14:53:10.6630|INFO|api.Controllers.ContactController|Get metodu çağrıldı.
2024-08-25 14:53:11.2431|INFO|api.Controllers.ContactController|Get metodu çağrıldı.
2024-08-25 14:53:11.7641|INFO|api.Controllers.ContactController|Get metodu çağrıldı.
2024-08-25 14:53:12.2355|INFO|api.Controllers.ContactController|Get metodu çağrıldı.
2024-08-25 15:08:29.8316|INFO|api.Program|Uygulama başlatılıyor...
2024-08-25 15:08:49.0233|INFO|api.Controllers.ContactController|Get metodu çağrıldı.
2024-08-25 15:08:50.6429|INFO|api.Controllers.ContactController|Get metodu çağrıldı.
2024-08-25 15:08:51.2428|INFO|api.Controllers.ContactController|Get metodu çağrıldı.
2024-08-25 15:08:51.8000|INFO|api.Controllers.ContactController|Get metodu çağrıldı.
2024-08-25 15:08:52.4206|INFO|api.Controllers.ContactController|Get metodu çağrıldı.
2024-08-25 15:08:52.9019|INFO|api.Controllers.ContactController|Get metodu çağrıldı.
2024-08-25 15:08:53.3752|INFO|api.Controllers.ContactController|Get metodu çağrıldı.
2024-08-25 15:08:53.8594|INFO|api.Controllers.ContactController|Get metodu çağrıldı.
2024-08-25 15:09:38.6271|INFO|api.Controllers.ContactController|Get metodu çağrıldı.
2024-08-25 15:09:39.0734|INFO|api.Controllers.ContactController|Get metodu çağrıldı.
2024-08-25 15:09:39.5316|INFO|api.Controllers.ContactController|Get metodu çağrıldı.
2024-08-25 15:09:40.0136|INFO|api.Controllers.ContactController|Get metodu çağrıldı.
2024-08-25 15:09:40.4156|INFO|api.Controllers.ContactController|Get metodu çağrıldı.
2024-08-25 15:09:41.0538|INFO|api.Controllers.ContactController|Get metodu çağrıldı.
2024-08-25 15:09:43.1282|INFO|api.Controllers.ContactController|Get metodu çağrıldı.
2024-08-25 15:09:43.8163|INFO|api.Controllers.ContactController|Get metodu çağrıldı.
2024-08-25 15:09:44.6564|INFO|api.Controllers.ContactController|Get metodu çağrıldı.
2024-08-25 15:09:45.0755|INFO|api.Controllers.ContactController|Get metodu çağrıldı.
2024-08-25 15:10:24.4260|INFO|api.Controllers.ContactController|Get metodu çağrıldı.
2024-08-25 15:10:24.8537|INFO|api.Controllers.ContactController|Get metodu çağrıldı.
2024-08-25 15:10:25.3022|INFO|api.Controllers.ContactController|Get metodu çağrıldı.
2024-08-25 15:10:25.7608|INFO|api.Controllers.ContactController|Get metodu çağrıldı.
2024-08-25 15:10:26.1979|INFO|api.Controllers.ContactController|Get metodu çağrıldı.
2024-08-25 15:10:38.2151|INFO|api.Controllers.ContactController|Get metodu çağrıldı.
2024-08-25 15:10:38.6132|INFO|api.Controllers.ContactController|Get metodu çağrıldı.
2024-08-25 15:10:39.0634|INFO|api.Controllers.ContactController|Get metodu çağrıldı.
2024-08-25 15:28:22.4435|INFO|api.Program|Uygulama başlatılıyor...
2024-08-25 15:28:32.5964|INFO|api.Controllers.ContactController|Get metodu çağrıldı.
2024-08-25 15:28:33.5081|INFO|api.Controllers.ContactController|Get metodu çağrıldı.
2024-08-25 15:28:33.9588|INFO|api.Controllers.ContactController|Get metodu çağrıldı.
2024-08-25 15:28:34.3888|INFO|api.Controllers.ContactController|Get metodu çağrıldı.
2024-08-25 15:29:59.9695|INFO|api.Controllers.ContactController|Get metodu çağrıldı.
2024-08-25 15:30:00.3380|INFO|api.Controllers.ContactController|Get metodu çağrıldı.
2024-08-25 15:30:00.8130|INFO|api.Controllers.ContactController|Get metodu çağrıldı.
2024-08-25 15:30:01.2723|INFO|api.Controllers.ContactController|Get metodu çağrıldı.
2024-08-25 15:30:01.7195|INFO|api.Controllers.ContactController|Get metodu çağrıldı.
2024-08-25 15:30:02.1757|INFO|api.Controllers.ContactController|Get metodu çağrıldı.
2024-08-25 15:30:02.6456|INFO|api.Controllers.ContactController|Get metodu çağrıldı.
2024-08-25 15:30:03.4503|INFO|api.Controllers.ContactController|Get metodu çağrıldı.
2024-08-25 15:30:03.8350|INFO|api.Controllers.ContactController|Get metodu çağrıldı.
2024-08-25 15:33:38.8463|INFO|api.Program|Uygulama başlatılıyor...
2024-08-25 15:33:47.5681|INFO|api.Controllers.ContactController|Get metodu çağrıldı.
2024-08-25 15:33:49.1500|INFO|api.Controllers.ContactController|Get metodu çağrıldı.
2024-08-25 15:33:49.6278|INFO|api.Controllers.ContactController|Get metodu çağrıldı.
2024-08-25 15:33:50.5121|INFO|api.Controllers.ContactController|Get metodu çağrıldı.
2024-08-25 15:33:51.0612|INFO|api.Controllers.ContactController|Get metodu çağrıldı.
2024-08-25 15:33:51.6324|INFO|api.Controllers.ContactController|Get metodu çağrıldı.
2024-08-25 15:33:52.1820|INFO|api.Controllers.ContactController|Get metodu çağrıldı.
2024-08-25 15:34:29.6238|INFO|api.Controllers.ContactController|Get metodu çağrıldı.
2024-08-25 15:34:30.1993|INFO|api.Controllers.ContactController|Get metodu çağrıldı.
2024-08-25 15:34:30.7159|INFO|api.Controllers.ContactController|Get metodu çağrıldı.
2024-08-25 15:34:31.2584|INFO|api.Controllers.ContactController|Get metodu çağrıldı.
2024-08-25 15:34:31.8172|INFO|api.Controllers.ContactController|Get metodu çağrıldı.
2024-08-25 15:56:44.9095|INFO|api.Program|Uygulama başlatılıyor...
2024-08-25 15:56:51.1373|INFO|api.Controllers.ContactController|GetAll method called.
2024-08-25 15:56:51.1373|INFO|api.Controllers.ContactController|GetAll method called.
2024-08-25 15:56:51.4720|INFO|api.Controllers.ContactController|16 contacts retrieved.
2024-08-25 15:56:51.4720|INFO|api.Controllers.ContactController|16 contacts retrieved.
2024-08-25 15:56:51.6911|INFO|api.Controllers.ContactController|GetAll method called.
2024-08-25 15:56:51.7251|INFO|api.Controllers.ContactController|16 contacts retrieved.
2024-08-25 15:56:52.5641|INFO|api.Controllers.ContactController|GetAll method called.
2024-08-25 15:56:52.5770|INFO|api.Controllers.ContactController|16 contacts retrieved.
2024-08-25 15:56:52.6328|INFO|api.Controllers.ContactController|GetById method called with id: 7
2024-08-25 15:56:52.6945|INFO|api.Controllers.ContactController|Contact with id 7 retrieved.
2024-08-25 15:56:54.2502|INFO|api.Controllers.ContactController|GetById method called with id: 12
2024-08-25 15:56:54.2596|INFO|api.Controllers.ContactController|Contact with id 12 retrieved.
2024-08-25 15:56:55.1021|INFO|api.Controllers.ContactController|GetById method called with id: 10
2024-08-25 15:56:55.1097|INFO|api.Controllers.ContactController|Contact with id 10 retrieved.
2024-08-25 15:56:57.3683|INFO|api.Controllers.ContactController|GetById method called with id: 10
2024-08-25 15:56:57.3716|INFO|api.Controllers.ContactController|Contact with id 10 retrieved.
2024-08-25 15:56:58.2311|INFO|api.Controllers.ContactController|Update method called for contact id: 10
2024-08-25 15:56:58.2725|INFO|api.Controllers.ContactController|Contact with id 10 updated.
2024-08-25 15:56:59.9998|INFO|api.Controllers.ContactController|GetAll method called.
2024-08-25 15:57:00.0146|INFO|api.Controllers.ContactController|16 contacts retrieved.
2024-08-25 15:58:17.6365|INFO|api.Program|Uygulama başlatılıyor...
2024-08-25 15:58:24.0504|INFO|api.Controllers.ContactController|GetAll method called.
2024-08-25 15:58:24.0504|INFO|api.Controllers.ContactController|GetAll method called.
2024-08-25 15:58:24.3597|INFO|api.Controllers.ContactController|16 contacts retrieved.
2024-08-25 15:58:24.3597|INFO|api.Controllers.ContactController|16 contacts retrieved.
2024-08-25 15:58:24.5647|INFO|api.Controllers.ContactController|GetAll method called.
2024-08-25 15:58:24.5944|INFO|api.Controllers.ContactController|16 contacts retrieved.
2024-08-25 15:58:25.4493|INFO|api.Controllers.ContactController|GetAll method called.
2024-08-25 15:58:25.4767|INFO|api.Controllers.ContactController|16 contacts retrieved.
2024-08-25 15:58:25.5174|INFO|api.Controllers.ContactController|GetById method called with id: 9
2024-08-25 15:58:25.5787|INFO|api.Controllers.ContactController|Contact with id 9 retrieved.
2024-08-25 15:58:26.4598|INFO|api.Controllers.ContactController|GetById method called with id: 11
2024-08-25 15:58:26.4674|INFO|api.Controllers.ContactController|Contact with id 11 retrieved.
2024-08-25 15:58:27.6630|INFO|api.Controllers.ContactController|GetById method called with id: 13
2024-08-25 15:58:27.6710|INFO|api.Controllers.ContactController|Contact with id 13 retrieved.
2024-08-25 15:58:28.6170|INFO|api.Controllers.ContactController|GetById method called with id: 7
2024-08-25 15:58:28.6251|INFO|api.Controllers.ContactController|Contact with id 7 retrieved.
2024-08-25 15:58:29.3498|INFO|api.Controllers.ContactController|GetAll method called.
2024-08-25 15:58:29.3634|INFO|api.Controllers.ContactController|16 contacts retrieved.
2024-08-25 15:58:30.3663|INFO|api.Controllers.ContactController|GetAll method called.
2024-08-25 15:58:30.3663|INFO|api.Controllers.ContactController|GetById method called with id: 12
2024-08-25 15:58:30.3715|INFO|api.Controllers.ContactController|Contact with id 12 retrieved.
2024-08-25 15:58:30.3803|INFO|api.Controllers.ContactController|16 contacts retrieved.
2024-08-25 16:05:59.0841|INFO|api.Program|Uygulama başlatılıyor...
2024-08-25 16:06:10.5065|INFO|api.Controllers.ContactController|GetAll method called.
2024-08-25 16:06:10.5065|INFO|api.Controllers.ContactController|GetAll method called.
2024-08-25 16:06:10.8069|INFO|api.Controllers.ContactController|16 contacts retrieved.
2024-08-25 16:06:10.8069|INFO|api.Controllers.ContactController|16 contacts retrieved.
2024-08-25 16:06:10.9577|INFO|api.Controllers.ContactController|GetAll method called.
2024-08-25 16:06:10.9848|INFO|api.Controllers.ContactController|16 contacts retrieved.
2024-08-25 16:06:11.7106|INFO|api.Controllers.ContactController|GetAll method called.
2024-08-25 16:06:11.7253|INFO|api.Controllers.ContactController|16 contacts retrieved.
2024-08-25 16:06:11.7303|INFO|api.Controllers.ContactController|GetById method called with id: 7
2024-08-25 16:06:11.7921|INFO|api.Controllers.ContactController|Contact with id 7 retrieved.
2024-08-25 16:06:12.8242|INFO|api.Controllers.ContactController|GetById method called with id: 10
2024-08-25 16:06:12.8342|INFO|api.Controllers.ContactController|Contact with id 10 retrieved.
2024-08-25 16:06:13.6337|INFO|api.Controllers.ContactController|GetById method called with id: 14
2024-08-25 16:06:13.6429|INFO|api.Controllers.ContactController|Contact with id 14 retrieved.
2024-08-25 16:06:15.2363|INFO|api.Controllers.ContactController|GetById method called with id: 22
2024-08-25 16:06:15.2522|INFO|api.Controllers.ContactController|Contact with id 22 retrieved.
2024-08-25 16:06:16.4991|INFO|api.Controllers.ContactController|GetById method called with id: 22
2024-08-25 16:06:16.5027|INFO|api.Controllers.ContactController|Contact with id 22 retrieved.
2024-08-25 16:06:17.8212|INFO|api.Controllers.ContactController|Update method called for contact id: 22
2024-08-25 16:06:17.8741|INFO|api.Controllers.ContactController|Contact with id 22 updated.
2024-08-25 16:06:19.1909|INFO|api.Controllers.ContactController|GetAll method called.
2024-08-25 16:06:19.2027|INFO|api.Controllers.ContactController|16 contacts retrieved.
2024-08-25 16:07:59.3225|INFO|api.Program|Uygulama başlatılıyor...
2024-08-25 16:08:00.7858|INFO|api.Controllers.ContactController|GetAll method called.
2024-08-25 16:08:00.7858|INFO|api.Controllers.ContactController|GetAll method called.
2024-08-25 16:08:01.0991|INFO|api.Controllers.ContactController|16 contacts retrieved.
2024-08-25 16:08:01.0991|INFO|api.Controllers.ContactController|16 contacts retrieved.
2024-08-25 16:08:01.2009|INFO|api.Controllers.ContactController|GetAll method called.
2024-08-25 16:08:01.2312|INFO|api.Controllers.ContactController|16 contacts retrieved.
2024-08-25 16:08:01.3266|INFO|api.Controllers.ContactController|GetAll method called.
2024-08-25 16:08:01.3325|INFO|api.Controllers.ContactController|GetById method called with id: 10
2024-08-25 16:08:01.3348|INFO|api.Controllers.ContactController|16 contacts retrieved.
2024-08-25 16:08:01.3810|INFO|api.Controllers.ContactController|Contact with id 10 retrieved.
2024-08-25 16:08:02.5665|INFO|api.Controllers.ContactController|GetById method called with id: 12
2024-08-25 16:08:02.5726|INFO|api.Controllers.ContactController|Contact with id 12 retrieved.
2024-08-25 16:08:03.3703|INFO|api.Controllers.ContactController|GetById method called with id: 8
2024-08-25 16:08:03.3789|INFO|api.Controllers.ContactController|Contact with id 8 retrieved.
2024-08-25 16:08:04.7165|INFO|api.Controllers.ContactController|GetById method called with id: 21
2024-08-25 16:08:04.7211|INFO|api.Controllers.ContactController|Contact with id 21 retrieved.
2024-08-25 16:08:05.3577|INFO|api.Controllers.ContactController|GetById method called with id: 19
2024-08-25 16:08:05.3713|INFO|api.Controllers.ContactController|Contact with id 19 retrieved.
2024-08-25 16:08:06.2761|INFO|api.Controllers.ContactController|GetById method called with id: 17
2024-08-25 16:08:06.2830|INFO|api.Controllers.ContactController|Contact with id 17 retrieved.
2024-08-25 16:08:07.7847|INFO|api.Controllers.ContactController|GetById method called with id: 7
2024-08-25 16:08:07.7946|INFO|api.Controllers.ContactController|Contact with id 7 retrieved.
2024-08-25 16:08:08.8341|INFO|api.Controllers.ContactController|GetById method called with id: 7
2024-08-25 16:08:08.8373|INFO|api.Controllers.ContactController|Contact with id 7 retrieved.
2024-08-25 16:08:09.8054|INFO|api.Controllers.ContactController|Update method called for contact id: 7
2024-08-25 16:08:09.8535|INFO|api.Controllers.ContactController|Contact with id 7 updated.
2024-08-25 16:08:11.3606|INFO|api.Controllers.ContactController|GetAll method called.
2024-08-25 16:08:11.3725|INFO|api.Controllers.ContactController|16 contacts retrieved.
2024-08-25 16:10:14.1174|INFO|api.Controllers.ContactController|GetAll method called.
2024-08-25 16:10:14.1174|INFO|api.Controllers.ContactController|GetById method called with id: 10
2024-08-25 16:10:14.1217|INFO|api.Controllers.ContactController|Contact with id 10 retrieved.
2024-08-25 16:10:14.1311|INFO|api.Controllers.ContactController|16 contacts retrieved.
2024-08-25 16:10:14.9656|INFO|api.Controllers.ContactController|GetById method called with id: 12
2024-08-25 16:10:14.9743|INFO|api.Controllers.ContactController|Contact with id 12 retrieved.
2024-08-25 16:10:15.6815|INFO|api.Controllers.ContactController|GetById method called with id: 14
2024-08-25 16:10:15.6905|INFO|api.Controllers.ContactController|Contact with id 14 retrieved.
2024-08-25 16:10:16.4289|INFO|api.Controllers.ContactController|GetById method called with id: 9
2024-08-25 16:10:16.4375|INFO|api.Controllers.ContactController|Contact with id 9 retrieved.
2024-08-25 16:10:17.1002|INFO|api.Controllers.ContactController|GetById method called with id: 7
2024-08-25 16:10:17.1098|INFO|api.Controllers.ContactController|Contact with id 7 retrieved.
2024-08-25 16:13:36.5134|INFO|api.Program|Uygulama başlatılıyor...
2024-08-25 16:13:51.4250|INFO|api.Controllers.ContactController|GetAll method called.
2024-08-25 16:13:51.4250|INFO|api.Controllers.ContactController|GetAll method called.
2024-08-25 16:13:51.7282|INFO|api.Controllers.ContactController|16 contacts retrieved.
2024-08-25 16:13:51.7282|INFO|api.Controllers.ContactController|16 contacts retrieved.
2024-08-25 16:13:51.8860|INFO|api.Controllers.ContactController|GetAll method called.
2024-08-25 16:13:51.9153|INFO|api.Controllers.ContactController|16 contacts retrieved.
2024-08-25 16:13:53.5089|INFO|api.Controllers.ContactController|GetAll method called.
2024-08-25 16:13:53.5291|INFO|api.Controllers.ContactController|16 contacts retrieved.
2024-08-25 16:13:53.5308|INFO|api.Controllers.ContactController|GetById method called with id: 7
2024-08-25 16:13:53.5936|INFO|api.Controllers.ContactController|Contact with id 7 retrieved.
2024-08-25 16:13:54.6835|INFO|api.Controllers.ContactController|GetById method called with id: 12
2024-08-25 16:13:54.6942|INFO|api.Controllers.ContactController|Contact with id 12 retrieved.
2024-08-25 16:13:55.5851|INFO|api.Controllers.ContactController|GetById method called with id: 14
2024-08-25 16:13:55.5908|INFO|api.Controllers.ContactController|Contact with id 14 retrieved.
2024-08-25 16:13:56.2422|INFO|api.Controllers.ContactController|GetById method called with id: 9
2024-08-25 16:13:56.2498|INFO|api.Controllers.ContactController|Contact with id 9 retrieved.
2024-08-25 16:13:56.8977|INFO|api.Controllers.ContactController|GetById method called with id: 11
2024-08-25 16:13:56.9067|INFO|api.Controllers.ContactController|Contact with id 11 retrieved.
2024-08-25 16:13:57.9391|INFO|api.Controllers.ContactController|GetById method called with id: 7
2024-08-25 16:13:57.9461|INFO|api.Controllers.ContactController|Contact with id 7 retrieved.
2024-08-25 16:13:58.9513|INFO|api.Controllers.ContactController|GetById method called with id: 7
2024-08-25 16:13:58.9547|INFO|api.Controllers.ContactController|Contact with id 7 retrieved.
2024-08-25 16:13:59.9729|INFO|api.Controllers.ContactController|Update method called for contact id: 7
2024-08-25 16:14:00.0264|INFO|api.Controllers.ContactController|Contact with id 7 updated.
2024-08-25 16:14:01.3818|INFO|api.Controllers.ContactController|GetAll method called.
2024-08-25 16:14:01.3967|INFO|api.Controllers.ContactController|16 contacts retrieved.
2024-08-25 16:15:51.9064|INFO|api.Program|Uygulama başlatılıyor...
2024-08-25 16:15:57.6160|INFO|api.Controllers.ContactController|GetAll method called.
2024-08-25 16:15:57.6160|INFO|api.Controllers.ContactController|GetAll method called.
2024-08-25 16:15:57.9216|INFO|api.Controllers.ContactController|16 contacts retrieved.
2024-08-25 16:15:57.9216|INFO|api.Controllers.ContactController|16 contacts retrieved.
2024-08-25 16:15:58.0354|INFO|api.Controllers.ContactController|GetAll method called.
2024-08-25 16:15:58.0639|INFO|api.Controllers.ContactController|16 contacts retrieved.
2024-08-25 16:15:58.7159|INFO|api.Controllers.ContactController|GetAll method called.
2024-08-25 16:15:58.7323|INFO|api.Controllers.ContactController|16 contacts retrieved.
2024-08-25 16:15:58.7372|INFO|api.Controllers.ContactController|GetById method called with id: 8
2024-08-25 16:15:58.7992|INFO|api.Controllers.ContactController|Contact with id 8 retrieved.
2024-08-25 16:15:59.5871|INFO|api.Controllers.ContactController|GetById method called with id: 12
2024-08-25 16:15:59.5969|INFO|api.Controllers.ContactController|Contact with id 12 retrieved.
2024-08-25 16:16:00.3279|INFO|api.Controllers.ContactController|GetById method called with id: 9
2024-08-25 16:16:00.3379|INFO|api.Controllers.ContactController|Contact with id 9 retrieved.
2024-08-25 16:18:53.3318|INFO|api.Program|Uygulama başlatılıyor...
2024-08-25 16:18:59.1532|INFO|api.Controllers.ContactController|GetAll method called.
2024-08-25 16:18:59.1532|INFO|api.Controllers.ContactController|GetAll method called.
2024-08-25 16:18:59.4690|INFO|api.Controllers.ContactController|16 contacts retrieved.
2024-08-25 16:18:59.4690|INFO|api.Controllers.ContactController|16 contacts retrieved.
2024-08-25 16:18:59.6180|INFO|api.Controllers.ContactController|GetAll method called.
2024-08-25 16:18:59.6461|INFO|api.Controllers.ContactController|16 contacts retrieved.
2024-08-25 16:19:00.4234|INFO|api.Controllers.ContactController|GetAll method called.
2024-08-25 16:19:00.4486|INFO|api.Controllers.ContactController|GetById method called with id: 7
2024-08-25 16:19:00.4486|INFO|api.Controllers.ContactController|16 contacts retrieved.
2024-08-25 16:19:00.5141|INFO|api.Controllers.ContactController|Contact with id 7 retrieved.
2024-08-25 16:19:01.4370|INFO|api.Controllers.ContactController|GetById method called with id: 11
2024-08-25 16:19:01.4567|INFO|api.Controllers.ContactController|Contact with id 11 retrieved.
2024-08-25 16:19:02.5334|INFO|api.Controllers.ContactController|GetById method called with id: 9
2024-08-25 16:19:02.5434|INFO|api.Controllers.ContactController|Contact with id 9 retrieved.
2024-08-25 16:19:03.7200|INFO|api.Controllers.ContactController|GetById method called with id: 9
2024-08-25 16:19:03.7246|INFO|api.Controllers.ContactController|Contact with id 9 retrieved.
2024-08-25 16:19:04.7298|INFO|api.Controllers.ContactController|Update method called for contact id: 9
2024-08-25 16:19:04.7842|INFO|api.Controllers.ContactController|Contact with id 9 updated.
2024-08-25 16:19:06.4614|INFO|api.Controllers.ContactController|GetAll method called.
2024-08-25 16:19:06.4727|INFO|api.Controllers.ContactController|16 contacts retrieved.
2024-08-25 16:48:16.6492|INFO|api.Program|Uygulama başlatılıyor...
2024-08-25 16:48:29.0803|INFO|api.Controllers.ContactController|GetAll method called.
2024-08-25 16:48:29.0803|INFO|api.Controllers.ContactController|GetAll method called.
2024-08-25 16:48:29.4007|INFO|api.Controllers.ContactController|16 contacts retrieved.
2024-08-25 16:48:29.4007|INFO|api.Controllers.ContactController|16 contacts retrieved.
2024-08-25 16:48:29.5380|INFO|api.Controllers.ContactController|GetAll method called.
2024-08-25 16:48:29.5666|INFO|api.Controllers.ContactController|16 contacts retrieved.
2024-08-25 16:48:30.9708|INFO|api.Controllers.ContactController|GetAll method called.
2024-08-25 16:48:30.9940|INFO|api.Controllers.ContactController|16 contacts retrieved.
2024-08-25 16:48:30.9955|INFO|api.Controllers.ContactController|GetById method called with id: 8
2024-08-25 16:48:31.0607|INFO|api.Controllers.ContactController|Contact with id 8 retrieved.
2024-08-25 16:48:32.5453|INFO|api.Controllers.ContactController|GetById method called with id: 14
2024-08-25 16:48:32.5570|INFO|api.Controllers.ContactController|Contact with id 14 retrieved.
2024-08-25 16:48:33.5714|INFO|api.Controllers.ContactController|GetById method called with id: 8
2024-08-25 16:48:33.5793|INFO|api.Controllers.ContactController|Contact with id 8 retrieved.
2024-08-25 16:48:34.6898|INFO|api.Controllers.ContactController|GetById method called with id: 8
2024-08-25 16:48:34.6944|INFO|api.Controllers.ContactController|Contact with id 8 retrieved.
2024-08-25 16:48:36.1624|INFO|api.Controllers.ContactController|Update method called for contact id: 8
2024-08-25 16:48:36.2264|INFO|api.Controllers.ContactController|Contact with id 8 updated.
2024-08-25 16:48:37.6420|INFO|api.Controllers.ContactController|GetAll method called.
2024-08-25 16:48:37.6546|INFO|api.Controllers.ContactController|16 contacts retrieved.
2024-08-26 14:26:45.8561|INFO|api.Program|Uygulama başlatılıyor...
2024-08-26 14:27:09.6126|INFO|api.Controllers.ContactController|GetAll method called.
2024-08-26 14:27:09.6126|INFO|api.Controllers.ContactController|GetAll method called.
2024-08-26 14:27:09.9282|INFO|api.Controllers.ContactController|16 contacts retrieved.
2024-08-26 14:27:09.9282|INFO|api.Controllers.ContactController|16 contacts retrieved.
2024-08-26 14:27:10.1294|INFO|api.Controllers.ContactController|GetAll method called.
2024-08-26 14:27:10.1658|INFO|api.Controllers.ContactController|16 contacts retrieved.
2024-08-26 14:27:25.4537|INFO|api.Controllers.ContactController|GetAll method called.
2024-08-26 14:27:25.4761|INFO|api.Controllers.ContactController|16 contacts retrieved.
2024-08-26 14:27:25.5246|INFO|api.Controllers.ContactController|GetById method called with id: 7
2024-08-26 14:27:25.5888|INFO|api.Controllers.ContactController|Contact with id 7 retrieved.
2024-08-26 14:27:36.7460|INFO|api.Controllers.ContactController|GetById method called with id: 10
2024-08-26 14:27:36.7564|INFO|api.Controllers.ContactController|Contact with id 10 retrieved.
2024-08-26 14:27:37.3664|INFO|api.Controllers.ContactController|GetById method called with id: 11
2024-08-26 14:27:37.3740|INFO|api.Controllers.ContactController|Contact with id 11 retrieved.
2024-08-26 14:27:38.1701|INFO|api.Controllers.ContactController|GetById method called with id: 12
2024-08-26 14:27:38.1787|INFO|api.Controllers.ContactController|Contact with id 12 retrieved.
2024-08-26 14:27:38.9126|INFO|api.Controllers.ContactController|GetById method called with id: 13
2024-08-26 14:27:38.9214|INFO|api.Controllers.ContactController|Contact with id 13 retrieved.
2024-08-26 14:27:39.9953|INFO|api.Controllers.ContactController|GetById method called with id: 14
2024-08-26 14:27:40.0028|INFO|api.Controllers.ContactController|Contact with id 14 retrieved.
2024-08-26 14:27:43.0677|INFO|api.Controllers.ContactController|GetById method called with id: 7
2024-08-26 14:27:43.0737|INFO|api.Controllers.ContactController|Contact with id 7 retrieved.
2024-08-26 14:27:45.1697|INFO|api.Controllers.ContactController|GetAll method called.
2024-08-26 14:27:45.1842|INFO|api.Controllers.ContactController|16 contacts retrieved.
2024-08-26 14:27:46.4073|INFO|api.Controllers.ContactController|GetAll method called.
2024-08-26 14:27:46.4204|INFO|api.Controllers.ContactController|16 contacts retrieved.
2024-08-26 14:27:47.3569|INFO|api.Controllers.ContactController|GetById method called with id: 8
2024-08-26 14:27:47.3670|INFO|api.Controllers.ContactController|Contact with id 8 retrieved.
2024-08-26 14:27:48.5986|INFO|api.Controllers.ContactController|GetById method called with id: 8
2024-08-26 14:27:48.6039|INFO|api.Controllers.ContactController|Contact with id 8 retrieved.
2024-08-26 14:29:34.0635|INFO|api.Controllers.ContactController|GetAll method called.
2024-08-26 14:29:34.0642|INFO|api.Controllers.ContactController|GetAll method called.
2024-08-26 14:29:34.0718|INFO|api.Controllers.ContactController|16 contacts retrieved.
2024-08-26 14:29:34.0728|INFO|api.Controllers.ContactController|16 contacts retrieved.
2024-08-26 14:29:34.4385|INFO|api.Controllers.ContactController|GetAll method called.
2024-08-26 14:29:34.4516|INFO|api.Controllers.ContactController|16 contacts retrieved.
2024-08-26 14:29:42.9263|INFO|api.Controllers.ContactController|GetById method called with id: 7
2024-08-26 14:29:42.9307|INFO|api.Controllers.ContactController|Contact with id 7 retrieved.
2024-08-26 14:29:45.3736|INFO|api.Controllers.ContactController|GetById method called with id: 10
2024-08-26 14:29:45.3794|INFO|api.Controllers.ContactController|Contact with id 10 retrieved.
2024-08-26 14:29:51.6388|INFO|api.Controllers.ContactController|GetById method called with id: 7
2024-08-26 14:29:51.6447|INFO|api.Controllers.ContactController|Contact with id 7 retrieved.
2024-08-26 14:29:52.6169|INFO|api.Controllers.ContactController|GetById method called with id: 13
2024-08-26 14:29:52.6356|INFO|api.Controllers.ContactController|Contact with id 13 retrieved.
2024-08-26 14:29:55.2280|INFO|api.Controllers.ContactController|GetById method called with id: 22
2024-08-26 14:29:55.2326|INFO|api.Controllers.ContactController|Contact with id 22 retrieved.
2024-08-26 14:29:57.4736|INFO|api.Controllers.ContactController|GetById method called with id: 19
2024-08-26 14:29:57.4810|INFO|api.Controllers.ContactController|Contact with id 19 retrieved.
2024-08-26 14:29:58.8190|INFO|api.Controllers.ContactController|GetById method called with id: 17
2024-08-26 14:29:58.8265|INFO|api.Controllers.ContactController|Contact with id 17 retrieved.
2024-08-26 14:29:59.6275|INFO|api.Controllers.ContactController|GetById method called with id: 16
2024-08-26 14:29:59.6419|INFO|api.Controllers.ContactController|Contact with id 16 retrieved.
2024-08-26 14:30:01.1454|INFO|api.Controllers.ContactController|GetById method called with id: 8
2024-08-26 14:30:01.1517|INFO|api.Controllers.ContactController|Contact with id 8 retrieved.
2024-08-26 14:30:47.1861|INFO|api.Controllers.ContactController|GetAll method called.
2024-08-26 14:30:47.2127|INFO|api.Controllers.ContactController|16 contacts retrieved.
2024-08-26 14:33:12.1673|INFO|api.Controllers.ContactController|GetAll method called.
2024-08-26 14:33:12.1673|INFO|api.Controllers.ContactController|GetAll method called.
2024-08-26 14:33:12.1792|INFO|api.Controllers.ContactController|16 contacts retrieved.
2024-08-26 14:33:12.1804|INFO|api.Controllers.ContactController|16 contacts retrieved.
2024-08-26 14:33:12.3364|INFO|api.Controllers.ContactController|GetAll method called.
2024-08-26 14:33:12.3458|INFO|api.Controllers.ContactController|16 contacts retrieved.
2024-08-26 14:33:20.5397|INFO|api.Controllers.ContactController|GetAll method called.
2024-08-26 14:33:20.5397|INFO|api.Controllers.ContactController|GetAll method called.
2024-08-26 14:33:20.5491|INFO|api.Controllers.ContactController|16 contacts retrieved.
2024-08-26 14:33:20.5505|INFO|api.Controllers.ContactController|16 contacts retrieved.
2024-08-26 14:33:20.6270|INFO|api.Controllers.ContactController|GetAll method called.
2024-08-26 14:33:20.6381|INFO|api.Controllers.ContactController|16 contacts retrieved.
2024-08-26 14:33:24.1498|INFO|api.Controllers.ContactController|GetAll method called.
2024-08-26 14:33:24.1498|INFO|api.Controllers.ContactController|GetAll method called.
2024-08-26 14:33:24.1619|INFO|api.Controllers.ContactController|16 contacts retrieved.
2024-08-26 14:33:24.1632|INFO|api.Controllers.ContactController|16 contacts retrieved.
2024-08-26 14:33:24.2700|INFO|api.Controllers.ContactController|GetAll method called.
2024-08-26 14:33:24.2799|INFO|api.Controllers.ContactController|16 contacts retrieved.
2024-08-26 14:33:28.0265|INFO|api.Controllers.ContactController|GetAll method called.
2024-08-26 14:33:28.0265|INFO|api.Controllers.ContactController|GetAll method called.
2024-08-26 14:33:28.0390|INFO|api.Controllers.ContactController|16 contacts retrieved.
2024-08-26 14:33:28.0400|INFO|api.Controllers.ContactController|16 contacts retrieved.
2024-08-26 14:33:28.1255|INFO|api.Controllers.ContactController|GetAll method called.
2024-08-26 14:33:28.1346|INFO|api.Controllers.ContactController|16 contacts retrieved.
2024-08-26 14:33:30.7470|INFO|api.Controllers.ContactController|GetAll method called.
2024-08-26 14:33:30.7470|INFO|api.Controllers.ContactController|GetAll method called.
2024-08-26 14:33:30.7590|INFO|api.Controllers.ContactController|16 contacts retrieved.
2024-08-26 14:33:30.7605|INFO|api.Controllers.ContactController|16 contacts retrieved.
2024-08-26 14:33:30.8494|INFO|api.Controllers.ContactController|GetAll method called.
2024-08-26 14:33:30.8588|INFO|api.Controllers.ContactController|16 contacts retrieved.
2024-08-26 14:33:35.5539|INFO|api.Controllers.ContactController|GetAll method called.
2024-08-26 14:33:35.5539|INFO|api.Controllers.ContactController|GetAll method called.
2024-08-26 14:33:35.5631|INFO|api.Controllers.ContactController|16 contacts retrieved.
2024-08-26 14:33:35.5642|INFO|api.Controllers.ContactController|16 contacts retrieved.
2024-08-26 14:33:35.6687|INFO|api.Controllers.ContactController|GetAll method called.
2024-08-26 14:33:35.6784|INFO|api.Controllers.ContactController|16 contacts retrieved.
2024-08-26 14:33:46.1359|INFO|api.Controllers.ContactController|GetAll method called.
2024-08-26 14:33:46.1359|INFO|api.Controllers.ContactController|GetAll method called.
2024-08-26 14:33:46.1461|INFO|api.Controllers.ContactController|16 contacts retrieved.
2024-08-26 14:33:46.1474|INFO|api.Controllers.ContactController|16 contacts retrieved.
2024-08-26 14:33:46.3045|INFO|api.Controllers.ContactController|GetAll method called.
2024-08-26 14:33:46.3141|INFO|api.Controllers.ContactController|16 contacts retrieved.
2024-08-26 14:34:07.8377|INFO|api.Controllers.ContactController|GetAll method called.
2024-08-26 14:34:07.8377|INFO|api.Controllers.ContactController|GetAll method called.
2024-08-26 14:34:07.8508|INFO|api.Controllers.ContactController|16 contacts retrieved.
2024-08-26 14:34:07.8508|INFO|api.Controllers.ContactController|16 contacts retrieved.
2024-08-26 14:34:08.0077|INFO|api.Controllers.ContactController|GetAll method called.
2024-08-26 14:34:08.0173|INFO|api.Controllers.ContactController|16 contacts retrieved.
2024-08-26 14:34:13.0536|INFO|api.Controllers.ContactController|GetAll method called.
2024-08-26 14:34:13.0536|INFO|api.Controllers.ContactController|GetAll method called.
2024-08-26 14:34:13.0638|INFO|api.Controllers.ContactController|16 contacts retrieved.
2024-08-26 14:34:13.0653|INFO|api.Controllers.ContactController|16 contacts retrieved.
2024-08-26 14:34:13.1516|INFO|api.Controllers.ContactController|GetAll method called.
2024-08-26 14:34:13.1613|INFO|api.Controllers.ContactController|16 contacts retrieved.
2024-08-26 14:34:20.6073|INFO|api.Controllers.ContactController|GetAll method called.
2024-08-26 14:34:20.6073|INFO|api.Controllers.ContactController|GetAll method called.
2024-08-26 14:34:20.6204|INFO|api.Controllers.ContactController|16 contacts retrieved.
2024-08-26 14:34:20.6204|INFO|api.Controllers.ContactController|16 contacts retrieved.
2024-08-26 14:34:20.7988|INFO|api.Controllers.ContactController|GetAll method called.
2024-08-26 14:34:20.8084|INFO|api.Controllers.ContactController|16 contacts retrieved.
2024-08-26 14:34:25.3238|INFO|api.Controllers.ContactController|GetAll method called.
2024-08-26 14:34:25.3238|INFO|api.Controllers.ContactController|GetAll method called.
2024-08-26 14:34:25.3360|INFO|api.Controllers.ContactController|16 contacts retrieved.
2024-08-26 14:34:25.3360|INFO|api.Controllers.ContactController|16 contacts retrieved.
2024-08-26 14:34:25.4197|INFO|api.Controllers.ContactController|GetAll method called.
2024-08-26 14:34:25.4289|INFO|api.Controllers.ContactController|16 contacts retrieved.
2024-08-26 14:34:40.9368|INFO|api.Controllers.ContactController|GetAll method called.
2024-08-26 14:34:40.9373|INFO|api.Controllers.ContactController|GetAll method called.
2024-08-26 14:34:40.9456|INFO|api.Controllers.ContactController|16 contacts retrieved.
2024-08-26 14:34:40.9464|INFO|api.Controllers.ContactController|16 contacts retrieved.
2024-08-26 14:34:41.1319|INFO|api.Controllers.ContactController|GetAll method called.
2024-08-26 14:34:41.1418|INFO|api.Controllers.ContactController|16 contacts retrieved.
2024-08-26 14:34:47.1953|INFO|api.Controllers.ContactController|GetAll method called.
2024-08-26 14:34:47.1953|INFO|api.Controllers.ContactController|GetAll method called.
2024-08-26 14:34:47.2072|INFO|api.Controllers.ContactController|16 contacts retrieved.
2024-08-26 14:34:47.2082|INFO|api.Controllers.ContactController|16 contacts retrieved.
2024-08-26 14:34:47.2937|INFO|api.Controllers.ContactController|GetAll method called.
2024-08-26 14:34:47.3036|INFO|api.Controllers.ContactController|16 contacts retrieved.
2024-08-26 14:34:50.6291|INFO|api.Controllers.ContactController|GetAll method called.
2024-08-26 14:34:50.6291|INFO|api.Controllers.ContactController|GetAll method called.
2024-08-26 14:34:50.6383|INFO|api.Controllers.ContactController|16 contacts retrieved.
2024-08-26 14:34:50.6399|INFO|api.Controllers.ContactController|16 contacts retrieved.
2024-08-26 14:34:50.7251|INFO|api.Controllers.ContactController|GetAll method called.
2024-08-26 14:34:50.7339|INFO|api.Controllers.ContactController|16 contacts retrieved.
2024-08-26 14:34:54.9620|INFO|api.Controllers.ContactController|GetAll method called.
2024-08-26 14:34:54.9620|INFO|api.Controllers.ContactController|GetAll method called.
2024-08-26 14:34:54.9746|INFO|api.Controllers.ContactController|16 contacts retrieved.
2024-08-26 14:34:54.9758|INFO|api.Controllers.ContactController|16 contacts retrieved.
2024-08-26 14:34:55.0599|INFO|api.Controllers.ContactController|GetAll method called.
2024-08-26 14:34:55.0693|INFO|api.Controllers.ContactController|16 contacts retrieved.
2024-08-26 14:35:00.5153|INFO|api.Controllers.ContactController|GetAll method called.
2024-08-26 14:35:00.5153|INFO|api.Controllers.ContactController|GetAll method called.
2024-08-26 14:35:00.5280|INFO|api.Controllers.ContactController|16 contacts retrieved.
2024-08-26 14:35:00.5280|INFO|api.Controllers.ContactController|16 contacts retrieved.
2024-08-26 14:35:00.6177|INFO|api.Controllers.ContactController|GetAll method called.
2024-08-26 14:35:00.6275|INFO|api.Controllers.ContactController|16 contacts retrieved.
2024-08-26 14:35:06.7345|INFO|api.Controllers.ContactController|GetAll method called.
2024-08-26 14:35:06.7345|INFO|api.Controllers.ContactController|GetAll method called.
2024-08-26 14:35:06.7437|INFO|api.Controllers.ContactController|16 contacts retrieved.
2024-08-26 14:35:06.7447|INFO|api.Controllers.ContactController|16 contacts retrieved.
2024-08-26 14:35:06.9025|INFO|api.Controllers.ContactController|GetAll method called.
2024-08-26 14:35:06.9118|INFO|api.Controllers.ContactController|16 contacts retrieved.
2024-08-26 14:36:22.2742|INFO|api.Controllers.ContactController|GetAll method called.
2024-08-26 14:36:22.2742|INFO|api.Controllers.ContactController|GetAll method called.
2024-08-26 14:36:22.2879|INFO|api.Controllers.ContactController|16 contacts retrieved.
2024-08-26 14:36:22.2879|INFO|api.Controllers.ContactController|16 contacts retrieved.
2024-08-26 14:36:22.4952|INFO|api.Controllers.ContactController|GetAll method called.
2024-08-26 14:36:22.5066|INFO|api.Controllers.ContactController|16 contacts retrieved.
2024-08-26 14:36:27.5908|INFO|api.Controllers.ContactController|GetAll method called.
2024-08-26 14:36:27.5908|INFO|api.Controllers.ContactController|GetAll method called.
2024-08-26 14:36:27.5997|INFO|api.Controllers.ContactController|16 contacts retrieved.
2024-08-26 14:36:27.5997|INFO|api.Controllers.ContactController|16 contacts retrieved.
2024-08-26 14:36:27.6893|INFO|api.Controllers.ContactController|GetAll method called.
2024-08-26 14:36:27.6986|INFO|api.Controllers.ContactController|16 contacts retrieved.
2024-08-26 14:36:39.7919|INFO|api.Controllers.ContactController|GetAll method called.
2024-08-26 14:36:39.8059|INFO|api.Controllers.ContactController|16 contacts retrieved.
2024-08-26 14:36:39.8503|INFO|api.Controllers.ContactController|GetById method called with id: 7
2024-08-26 14:36:39.8567|INFO|api.Controllers.ContactController|Contact with id 7 retrieved.
2024-08-26 14:36:59.1358|INFO|api.Controllers.ContactController|GetAll method called.
2024-08-26 14:36:59.1363|INFO|api.Controllers.ContactController|GetAll method called.
2024-08-26 14:36:59.1363|INFO|api.Controllers.ContactController|GetById method called with id: 7
2024-08-26 14:36:59.1496|INFO|api.Controllers.ContactController|16 contacts retrieved.
2024-08-26 14:36:59.1496|INFO|api.Controllers.ContactController|16 contacts retrieved.
2024-08-26 14:36:59.1605|INFO|api.Controllers.ContactController|Contact with id 7 retrieved.
2024-08-26 14:36:59.2590|INFO|api.Controllers.ContactController|GetAll method called.
2024-08-26 14:36:59.2655|INFO|api.Controllers.ContactController|GetById method called with id: 7
2024-08-26 14:36:59.2695|INFO|api.Controllers.ContactController|16 contacts retrieved.
2024-08-26 14:36:59.2695|INFO|api.Controllers.ContactController|Contact with id 7 retrieved.
2024-08-26 14:37:10.9361|INFO|api.Controllers.ContactController|GetAll method called.
2024-08-26 14:37:10.9361|INFO|api.Controllers.ContactController|GetAll method called.
2024-08-26 14:37:10.9361|INFO|api.Controllers.ContactController|GetById method called with id: 7
2024-08-26 14:37:10.9391|INFO|api.Controllers.ContactController|Contact with id 7 retrieved.
2024-08-26 14:37:10.9442|INFO|api.Controllers.ContactController|16 contacts retrieved.
2024-08-26 14:37:10.9455|INFO|api.Controllers.ContactController|16 contacts retrieved.
2024-08-26 14:37:11.0412|INFO|api.Controllers.ContactController|GetAll method called.
2024-08-26 14:37:11.0471|INFO|api.Controllers.ContactController|GetById method called with id: 7
2024-08-26 14:37:11.0499|INFO|api.Controllers.ContactController|Contact with id 7 retrieved.
2024-08-26 14:37:11.0511|INFO|api.Controllers.ContactController|16 contacts retrieved.
2024-08-26 14:38:01.1909|INFO|api.Controllers.ContactController|GetAll method called.
2024-08-26 14:38:01.2039|INFO|api.Controllers.ContactController|16 contacts retrieved.
2024-08-26 14:40:53.7669|INFO|api.Controllers.ContactController|GetAll method called.
2024-08-26 14:40:53.7669|INFO|api.Controllers.ContactController|GetAll method called.
2024-08-26 14:40:53.7767|INFO|api.Controllers.ContactController|16 contacts retrieved.
2024-08-26 14:40:53.7767|INFO|api.Controllers.ContactController|16 contacts retrieved.
2024-08-26 14:40:54.1674|INFO|api.Controllers.ContactController|GetAll method called.
2024-08-26 14:40:54.1792|INFO|api.Controllers.ContactController|16 contacts retrieved.
2024-08-26 14:43:38.1001|INFO|api.Controllers.ContactController|GetAll method called.
2024-08-26 14:43:38.1001|INFO|api.Controllers.ContactController|GetAll method called.
2024-08-26 14:43:38.1087|INFO|api.Controllers.ContactController|16 contacts retrieved.
2024-08-26 14:43:38.1087|INFO|api.Controllers.ContactController|16 contacts retrieved.
2024-08-26 14:43:38.5028|INFO|api.Controllers.ContactController|GetAll method called.
2024-08-26 14:43:38.5211|INFO|api.Controllers.ContactController|16 contacts retrieved.
2024-08-26 14:43:54.0516|INFO|api.Controllers.ContactController|GetAll method called.
2024-08-26 14:43:54.0516|INFO|api.Controllers.ContactController|GetAll method called.
2024-08-26 14:43:54.0638|INFO|api.Controllers.ContactController|16 contacts retrieved.
2024-08-26 14:43:54.0638|INFO|api.Controllers.ContactController|16 contacts retrieved.
2024-08-26 14:43:54.5018|INFO|api.Controllers.ContactController|GetAll method called.
2024-08-26 14:43:54.5112|INFO|api.Controllers.ContactController|16 contacts retrieved.
2024-08-26 14:47:42.1291|INFO|api.Controllers.ContactController|GetAll method called.
2024-08-26 14:47:42.1291|INFO|api.Controllers.ContactController|GetAll method called.
2024-08-26 14:47:42.1418|INFO|api.Controllers.ContactController|16 contacts retrieved.
2024-08-26 14:47:42.1418|INFO|api.Controllers.ContactController|16 contacts retrieved.
2024-08-26 14:47:42.6079|INFO|api.Controllers.ContactController|GetAll method called.
2024-08-26 14:47:42.6185|INFO|api.Controllers.ContactController|16 contacts retrieved.
2024-08-26 14:50:35.1047|INFO|api.Controllers.ContactController|GetAll method called.
2024-08-26 14:50:35.1047|INFO|api.Controllers.ContactController|GetById method called with id: 8
2024-08-26 14:50:35.1131|INFO|api.Controllers.ContactController|Contact with id 8 retrieved.
2024-08-26 14:50:35.1226|INFO|api.Controllers.ContactController|16 contacts retrieved.
